<?xml version="1.0" encoding="utf-8" standalone="no"?>
<test-results xmlns:xsi="http://www.w3.org/2001/XMLSchema-instance" xsi:noNamespaceSchemaLocation="nunit_schema_2.5.xsd" name="Pester" total="633" errors="0" failures="0" not-run="0" inconclusive="0" ignored="0" skipped="0" invalid="0" date="2021-06-01" time="23:14:36">
  <environment cwd="C:\p\assert\tst" clr-version="Unknown" machine-name="RDESKTOP" os-version="10.0.19042" user-domain="EUROPE" user="jajares" nunit-version="2.5.8.0" platform="Microsoft Windows 10 Pro|C:\Windows|\Device\Harddisk1\Partition3" />
  <culture-info current-culture="en-150" current-uiculture="en-US" />
  <test-suite type="TestFixture" name="Pester" executed="True" result="Success" success="True" time="4.5299" asserts="0" description="Pester">
    <results>
      <test-suite type="TestFixture" name="C:\p\assert\Compatibility\tst\Compatibility.Tests.ps1" executed="True" result="Success" success="True" time="0.1042" asserts="0" description="C:\p\assert\Compatibility\tst\Compatibility.Tests.ps1">
        <results>
          <test-suite type="TestFixture" name="New-PSObject" executed="True" result="Success" success="True" time="0.0078" asserts="0" description="New-PSObject">
            <results>
              <test-case description="Creates a new object of type PSCustomObject" name="New-PSObject.Creates a new object of type PSCustomObject" time="0.0024" asserts="0" success="True" result="Success" executed="True" />
              <test-case description="Creates a new PSObject with the properties populated" name="New-PSObject.Creates a new PSObject with the properties populated" time="0.0022" asserts="0" success="True" result="Success" executed="True" />
            </results>
          </test-suite>
          <test-suite type="TestFixture" name="Test-NullOrWhiteSpace" executed="True" result="Success" success="True" time="0.0358" asserts="0" description="Test-NullOrWhiteSpace">
            <results>
              <test-suite type="ParameterizedTest" name="Test-NullOrWhiteSpace.Returns $true for $null or whitespace" executed="True" result="Success" success="True" time="0.0177" asserts="0" description="Returns $true for $null or whitespace">
                <results>
                  <test-case description="Returns $true for $null or whitespace" name="Test-NullOrWhiteSpace.Returns $true for $null or whitespace(null)" time="0.0022" asserts="0" success="True" result="Success" executed="True" />
                  <test-case description="Returns $true for $null or whitespace" name="Test-NullOrWhiteSpace.Returns $true for $null or whitespace(&quot; &quot;)" time="0.0021" asserts="0" success="True" result="Success" executed="True" />
                  <test-case description="Returns $true for $null or whitespace" name="Test-NullOrWhiteSpace.Returns $true for $null or whitespace(&quot;  &quot;)" time="0.0021" asserts="0" success="True" result="Success" executed="True" />
                  <test-case description="Returns $true for $null or whitespace" name="Test-NullOrWhiteSpace.Returns $true for $null or whitespace(&quot;&#x9;&quot;)" time="0.0049" asserts="0" success="True" result="Success" executed="True" />
                  <test-case description="Returns $true for $null or whitespace" name="Test-NullOrWhiteSpace.Returns $true for $null or whitespace(&quot;&#xD;&quot;)" time="0.0021" asserts="0" success="True" result="Success" executed="True" />
                  <test-case description="Returns $true for $null or whitespace" name="Test-NullOrWhiteSpace.Returns $true for $null or whitespace(&quot;&#xA;&quot;)" time="0.0021" asserts="0" success="True" result="Success" executed="True" />
                  <test-case description="Returns $true for $null or whitespace" name="Test-NullOrWhiteSpace.Returns $true for $null or whitespace(&quot; &#x9; &#xD; &#xA;&quot;)" time="0.0021" asserts="0" success="True" result="Success" executed="True" />
                </results>
              </test-suite>
              <test-suite type="ParameterizedTest" name="Test-NullOrWhiteSpace.Returns $false for '&lt;value&gt;'" executed="True" result="Success" success="True" time="0.0066" asserts="0" description="Returns $false for '&lt;value&gt;'">
                <results>
                  <test-case description="Returns $false for 'a'" name="Test-NullOrWhiteSpace.Returns $false for 'a'" time="0.0022" asserts="0" success="True" result="Success" executed="True" />
                  <test-case description="Returns $false for ' abc'" name="Test-NullOrWhiteSpace.Returns $false for ' abc'" time="0.0022" asserts="0" success="True" result="Success" executed="True" />
                  <test-case description="Returns $false for '&#x9;abc&#x9;'" name="Test-NullOrWhiteSpace.Returns $false for '&#x9;abc&#x9;'" time="0.0022" asserts="0" success="True" result="Success" executed="True" />
                </results>
              </test-suite>
            </results>
          </test-suite>
          <test-suite type="TestFixture" name="Invoke-WithContext" executed="True" result="Success" success="True" time="0.0491" asserts="0" description="Invoke-WithContext">
            <results>
              <test-case description="Keeps the scriptblock attached to the original scope" name="Invoke-WithContext.Keeps the scriptblock attached to the original scope" time="0.0049" asserts="0" success="True" result="Success" executed="True" />
              <test-case description="Injects variable $b into the scope while keeping $a attached to the module scope" name="Invoke-WithContext.Injects variable $b into the scope while keeping $a attached to the module scope" time="0.0023" asserts="0" success="True" result="Success" executed="True" />
              <test-case description="Does not conflict with $Context variable that is used internally" name="Invoke-WithContext.Does not conflict with $Context variable that is used internally" time="0.0023" asserts="0" success="True" result="Success" executed="True" />
            </results>
          </test-suite>
        </results>
      </test-suite>
      <test-suite type="TestFixture" name="C:\p\assert\Format\tst\Format.Tests.ps1" executed="True" result="Success" success="True" time="0.2418" asserts="0" description="C:\p\assert\Format\tst\Format.Tests.ps1">
        <results>
          <test-suite type="TestFixture" name="Format-Collection" executed="True" result="Success" success="True" time="0.0092" asserts="0" description="Format-Collection">
            <results>
              <test-suite type="ParameterizedTest" name="Format-Collection.Formats collection of values '&lt;value&gt;' to '&lt;expected&gt;' using the default separator" executed="True" result="Success" success="True" time="0.003" asserts="0" description="Formats collection of values '&lt;value&gt;' to '&lt;expected&gt;' using the default separator">
                <results>
                  <test-case description="Formats collection of values '1 2 3' to '1, 2, 3' using the default separator" name="Format-Collection.Formats collection of values '1 2 3' to '1, 2, 3' using the default separator" time="0.003" asserts="0" success="True" result="Success" executed="True" />
                </results>
              </test-suite>
              <test-suite type="ParameterizedTest" name="Format-Collection.Formats collection of values '&lt;value&gt;' to '&lt;expected&gt;' using the default separator" executed="True" result="Success" success="True" time="0.0029" asserts="0" description="Formats collection of values '&lt;value&gt;' to '&lt;expected&gt;' using the default separator">
                <results>
                  <test-case description="Formats collection of values '1 2 3' to '1, 2, 3' using the default separator" name="Format-Collection.Formats collection of values '1 2 3' to '1, 2, 3' using the default separator" time="0.0029" asserts="0" success="True" result="Success" executed="True" />
                </results>
              </test-suite>
            </results>
          </test-suite>
          <test-suite type="TestFixture" name="Format-Number" executed="True" result="Success" success="True" time="0.0264" asserts="0" description="Format-Number">
            <results>
              <test-suite type="ParameterizedTest" name="Format-Number.Formats number to use . separator (tests anything only on non-english systems --todo)" executed="True" result="Success" success="True" time="0.0139" asserts="0" description="Formats number to use . separator (tests anything only on non-english systems --todo)">
                <results>
                  <test-case description="Formats number to use . separator (tests anything only on non-english systems --todo)" name="Format-Number.Formats number to use . separator (tests anything only on non-english systems --todo)(1.1)" time="0.0022" asserts="0" success="True" result="Success" executed="True" />
                  <test-case description="Formats number to use . separator (tests anything only on non-english systems --todo)" name="Format-Number.Formats number to use . separator (tests anything only on non-english systems --todo)(1.1)" time="0.0021" asserts="0" success="True" result="Success" executed="True" />
                  <test-case description="Formats number to use . separator (tests anything only on non-english systems --todo)" name="Format-Number.Formats number to use . separator (tests anything only on non-english systems --todo)(1.1)" time="0.0022" asserts="0" success="True" result="Success" executed="True" />
                  <test-case description="Formats number to use . separator (tests anything only on non-english systems --todo)" name="Format-Number.Formats number to use . separator (tests anything only on non-english systems --todo)(1.1)" time="0.0052" asserts="0" success="True" result="Success" executed="True" />
                  <test-case description="Formats number to use . separator (tests anything only on non-english systems --todo)" name="Format-Number.Formats number to use . separator (tests anything only on non-english systems --todo)(1.1)" time="0.0022" asserts="0" success="True" result="Success" executed="True" />
                </results>
              </test-suite>
            </results>
          </test-suite>
          <test-suite type="TestFixture" name="Format-Object" executed="True" result="Success" success="True" time="0.0514" asserts="0" description="Format-Object">
            <results>
              <test-case description="Formats current process with selected properties Name and Id correctly" name="Format-Object.Formats current process with selected properties Name and Id correctly" time="0.0083" asserts="0" success="True" result="Success" executed="True" />
              <test-suite type="ParameterizedTest" name="Format-Object.Formats object '&lt;value&gt;' to '&lt;expected&gt;'" executed="True" result="Success" success="True" time="0.0054" asserts="0" description="Formats object '&lt;value&gt;' to '&lt;expected&gt;'">
                <results>
                  <test-case description="Formats object '@{Name=Jakub; Age=28}' to 'PSObject{Age=28; Name=Jakub}'" name="Format-Object.Formats object '@{Name=Jakub; Age=28}' to 'PSObject{Age=28; Name=Jakub}'" time="0.0028" asserts="0" success="True" result="Success" executed="True" />
                  <test-case description="Formats object 'Assertions.TestType.Person' to 'Assertions.TestType.Person{Age=28; Name=Jakub}'" name="Format-Object.Formats object 'Assertions.TestType.Person' to 'Assertions.TestType.Person{Age=28; Name=Jakub}'" time="0.0027" asserts="0" success="True" result="Success" executed="True" />
                </results>
              </test-suite>
              <test-suite type="ParameterizedTest" name="Format-Object.Formats object '&lt;value&gt;' with selected properties '&lt;selectedProperties&gt;' to '&lt;expected&gt;'" executed="True" result="Success" success="True" time="0.0052" asserts="0" description="Formats object '&lt;value&gt;' with selected properties '&lt;selectedProperties&gt;' to '&lt;expected&gt;'">
                <results>
                  <test-case description="Formats object '@{Name=Jakub; Age=28}' with selected properties 'Age' to 'PSObject{Age=28}'" name="Format-Object.Formats object '@{Name=Jakub; Age=28}' with selected properties 'Age' to 'PSObject{Age=28}'" time="0.0026" asserts="0" success="True" result="Success" executed="True" />
                  <test-case description="Formats object 'Assertions.TestType.Person' with selected properties 'Name' to 'Assertions.TestType.Person{Name=Jakub}'" name="Format-Object.Formats object 'Assertions.TestType.Person' with selected properties 'Name' to 'Assertions.TestType.Person{Name=Jakub}'" time="0.0026" asserts="0" success="True" result="Success" executed="True" />
                </results>
              </test-suite>
            </results>
          </test-suite>
          <test-suite type="TestFixture" name="Format-Boolean" executed="True" result="Success" success="True" time="0.0591" asserts="0" description="Format-Boolean">
            <results>
              <test-suite type="ParameterizedTest" name="Format-Boolean.Formats boolean '&lt;value&gt;' to '&lt;expected&gt;'" executed="True" result="Success" success="True" time="0.0046" asserts="0" description="Formats boolean '&lt;value&gt;' to '&lt;expected&gt;'">
                <results>
                  <test-case description="Formats boolean 'True' to '$true'" name="Format-Boolean.Formats boolean 'True' to '$true'" time="0.0024" asserts="0" success="True" result="Success" executed="True" />
                  <test-case description="Formats boolean 'False' to '$false'" name="Format-Boolean.Formats boolean 'False' to '$false'" time="0.0023" asserts="0" success="True" result="Success" executed="True" />
                </results>
              </test-suite>
            </results>
          </test-suite>
          <test-suite type="TestFixture" name="Format-Null" executed="True" result="Success" success="True" time="0.064" asserts="0" description="Format-Null">
            <results>
              <test-case description="Formats null to '$null'" name="Format-Null.Formats null to '$null'" time="0.0021" asserts="0" success="True" result="Success" executed="True" />
            </results>
          </test-suite>
          <test-suite type="TestFixture" name="Format-ScriptBlock" executed="True" result="Success" success="True" time="0.069" asserts="0" description="Format-ScriptBlock">
            <results>
              <test-case description="Formats scriptblock as string with curly braces" name="Format-ScriptBlock.Formats scriptblock as string with curly braces" time="0.0021" asserts="0" success="True" result="Success" executed="True" />
            </results>
          </test-suite>
          <test-suite type="TestFixture" name="Format-Hashtable" executed="True" result="Success" success="True" time="0.0853" asserts="0" description="Format-Hashtable">
            <results>
              <test-case description="Formats empty hashtable as @{}" name="Format-Hashtable.Formats empty hashtable as @{}" time="0.0022" asserts="0" success="True" result="Success" executed="True" />
              <test-suite type="ParameterizedTest" name="Format-Hashtable.Formats hashtable as '&lt;expected&gt;'" executed="True" result="Success" success="True" time="0.0082" asserts="0" description="Formats hashtable as '&lt;expected&gt;'">
                <results>
                  <test-case description="Formats hashtable as '@{Age=28; Name=Jakub}'" name="Format-Hashtable.Formats hashtable as '@{Age=28; Name=Jakub}'" time="0.0027" asserts="0" success="True" result="Success" executed="True" />
                  <test-case description="Formats hashtable as '@{A=1; H=1; Z=1}'" name="Format-Hashtable.Formats hashtable as '@{A=1; H=1; Z=1}'" time="0.0028" asserts="0" success="True" result="Success" executed="True" />
                  <test-case description="Formats hashtable as '@{Hash=@{Hash=Value}}'" name="Format-Hashtable.Formats hashtable as '@{Hash=@{Hash=Value}}'" time="0.0027" asserts="0" success="True" result="Success" executed="True" />
                </results>
              </test-suite>
            </results>
          </test-suite>
          <test-suite type="TestFixture" name="Format-Dictionary" executed="True" result="Success" success="True" time="0.1024" asserts="0" description="Format-Dictionary">
            <results>
              <test-case description="Formats empty dictionary as @{}" name="Format-Dictionary.Formats empty dictionary as @{}" time="0.0027" asserts="0" success="True" result="Success" executed="True" />
              <test-suite type="ParameterizedTest" name="Format-Dictionary.Formats dictionary as '&lt;expected&gt;'" executed="True" result="Success" success="True" time="0.0112" asserts="0" description="Formats dictionary as '&lt;expected&gt;'">
                <results>
                  <test-case description="Formats dictionary as 'Dictionary{Age=28; Name=Jakub}'" name="Format-Dictionary.Formats dictionary as 'Dictionary{Age=28; Name=Jakub}'" time="0.0057" asserts="0" success="True" result="Success" executed="True" />
                  <test-case description="Formats dictionary as 'Dictionary{A=1; H=1; Z=1}'" name="Format-Dictionary.Formats dictionary as 'Dictionary{A=1; H=1; Z=1}'" time="0.0028" asserts="0" success="True" result="Success" executed="True" />
                  <test-case description="Formats dictionary as 'Dictionary{Dict=Dictionary{Dict=Value}}'" name="Format-Dictionary.Formats dictionary as 'Dictionary{Dict=Dictionary{Dict=Value}}'" time="0.0028" asserts="0" success="True" result="Success" executed="True" />
                </results>
              </test-suite>
            </results>
          </test-suite>
          <test-suite type="TestFixture" name="Format-Nicely" executed="True" result="Success" success="True" time="0.143" asserts="0" description="Format-Nicely">
            <results>
              <test-suite type="ParameterizedTest" name="Format-Nicely.Formats value '&lt;value&gt;' correctly to '&lt;expected&gt;'" executed="True" result="Success" success="True" time="0.0369" asserts="0" description="Formats value '&lt;value&gt;' correctly to '&lt;expected&gt;'">
                <results>
                  <test-case description="Formats value '' correctly to '$null'" name="Format-Nicely.Formats value '' correctly to '$null'" time="0.0024" asserts="0" success="True" result="Success" executed="True" />
                  <test-case description="Formats value 'True' correctly to '$true'" name="Format-Nicely.Formats value 'True' correctly to '$true'" time="0.0022" asserts="0" success="True" result="Success" executed="True" />
                  <test-case description="Formats value 'False' correctly to '$false'" name="Format-Nicely.Formats value 'False' correctly to '$false'" time="0.0023" asserts="0" success="True" result="Success" executed="True" />
                  <test-case description="Formats value 'a' correctly to 'a'" name="Format-Nicely.Formats value 'a' correctly to 'a'" time="0.0023" asserts="0" success="True" result="Success" executed="True" />
                  <test-case description="Formats value '1' correctly to '1'" name="Format-Nicely.Formats value '1' correctly to '1'" time="0.0055" asserts="0" success="True" result="Success" executed="True" />
                  <test-case description="Formats value '1 2 3' correctly to '1, 2, 3'" name="Format-Nicely.Formats value '1 2 3' correctly to '1, 2, 3'" time="0.003" asserts="0" success="True" result="Success" executed="True" />
                  <test-case description="Formats value '1.1' correctly to '1.1'" name="Format-Nicely.Formats value '1.1' correctly to '1.1'" time="0.0023" asserts="0" success="True" result="Success" executed="True" />
                  <test-case description="Formats value 'int' correctly to 'int'" name="Format-Nicely.Formats value 'int' correctly to 'int'" time="0.0023" asserts="0" success="True" result="Success" executed="True" />
                  <test-case description="Formats value '@{Name=Jakub}' correctly to 'PSObject{Name=Jakub}'" name="Format-Nicely.Formats value '@{Name=Jakub}' correctly to 'PSObject{Name=Jakub}'" time="0.0029" asserts="0" success="True" result="Success" executed="True" />
                  <test-case description="Formats value 'Assertions.TestType.Person' correctly to 'Assertions.TestType.Person{Age=28; Name=Jakub}'" name="Format-Nicely.Formats value 'Assertions.TestType.Person' correctly to 'Assertions.TestType.Person{Age=28; Name=Jakub}'" time="0.0029" asserts="0" success="True" result="Success" executed="True" />
                  <test-case description="Formats value 'System.Collections.Hashtable' correctly to '@{Age=28; Name=Jakub}'" name="Format-Nicely.Formats value 'System.Collections.Hashtable' correctly to '@{Age=28; Name=Jakub}'" time="0.0059" asserts="0" success="True" result="Success" executed="True" />
                  <test-case description="Formats value 'System.Collections.Generic.Dictionary`2[System.String,System.Object]' correctly to 'Dictionary{Age=28; Name=Jakub}'" name="Format-Nicely.Formats value 'System.Collections.Generic.Dictionary`2[System.String,System.Object]' correctly to 'Dictionary{Age=28; Name=Jakub}'" time="0.0029" asserts="0" success="True" result="Success" executed="True" />
                </results>
              </test-suite>
            </results>
          </test-suite>
          <test-suite type="TestFixture" name="Get-DisplayProperty" executed="True" result="Success" success="True" time="0.1484" asserts="0" description="Get-DisplayProperty">
            <results>
              <test-suite type="ParameterizedTest" name="Get-DisplayProperty.Returns '&lt;expected&gt;' for '&lt;type&gt;'" executed="True" result="Success" success="True" time="0.0024" asserts="0" description="Returns '&lt;expected&gt;' for '&lt;type&gt;'">
                <results>
                  <test-case description="Returns 'Id Name' for 'Diagnostics.Process'" name="Get-DisplayProperty.Returns 'Id Name' for 'Diagnostics.Process'" time="0.0024" asserts="0" success="True" result="Success" executed="True" />
                </results>
              </test-suite>
            </results>
          </test-suite>
          <test-suite type="TestFixture" name="Format-Type" executed="True" result="Success" success="True" time="0.1684" asserts="0" description="Format-Type">
            <results>
              <test-suite type="ParameterizedTest" name="Format-Type.Given '&lt;value&gt;' it returns the correct shortened type name '&lt;expected&gt;'" executed="True" result="Success" success="True" time="0.0167" asserts="0" description="Given '&lt;value&gt;' it returns the correct shortened type name '&lt;expected&gt;'">
                <results>
                  <test-case description="Given 'int' it returns the correct shortened type name 'int'" name="Format-Type.Given 'int' it returns the correct shortened type name 'int'" time="0.0023" asserts="0" success="True" result="Success" executed="True" />
                  <test-case description="Given 'double' it returns the correct shortened type name 'double'" name="Format-Type.Given 'double' it returns the correct shortened type name 'double'" time="0.0023" asserts="0" success="True" result="Success" executed="True" />
                  <test-case description="Given 'string' it returns the correct shortened type name 'string'" name="Format-Type.Given 'string' it returns the correct shortened type name 'string'" time="0.0023" asserts="0" success="True" result="Success" executed="True" />
                  <test-case description="Given '' it returns the correct shortened type name '&lt;null&gt;'" name="Format-Type.Given '' it returns the correct shortened type name '&lt;null&gt;'" time="0.0052" asserts="0" success="True" result="Success" executed="True" />
                  <test-case description="Given 'psobject' it returns the correct shortened type name 'PSObject'" name="Format-Type.Given 'psobject' it returns the correct shortened type name 'PSObject'" time="0.0023" asserts="0" success="True" result="Success" executed="True" />
                  <test-case description="Given 'System.Object[]' it returns the correct shortened type name 'collection'" name="Format-Type.Given 'System.Object[]' it returns the correct shortened type name 'collection'" time="0.0023" asserts="0" success="True" result="Success" executed="True" />
                </results>
              </test-suite>
            </results>
          </test-suite>
          <test-suite type="TestFixture" name="Get-ShortType" executed="True" result="Success" success="True" time="0.1892" asserts="0" description="Get-ShortType">
            <results>
              <test-suite type="ParameterizedTest" name="Get-ShortType.Given '&lt;value&gt;' it returns the correct shortened type name '&lt;expected&gt;'" executed="True" result="Success" success="True" time="0.0173" asserts="0" description="Given '&lt;value&gt;' it returns the correct shortened type name '&lt;expected&gt;'">
                <results>
                  <test-case description="Given '1' it returns the correct shortened type name 'int'" name="Get-ShortType.Given '1' it returns the correct shortened type name 'int'" time="0.0024" asserts="0" success="True" result="Success" executed="True" />
                  <test-case description="Given '1.1' it returns the correct shortened type name 'double'" name="Get-ShortType.Given '1.1' it returns the correct shortened type name 'double'" time="0.0023" asserts="0" success="True" result="Success" executed="True" />
                  <test-case description="Given 'a' it returns the correct shortened type name 'string'" name="Get-ShortType.Given 'a' it returns the correct shortened type name 'string'" time="0.0023" asserts="0" success="True" result="Success" executed="True" />
                  <test-case description="Given '' it returns the correct shortened type name '&lt;null&gt;'" name="Get-ShortType.Given '' it returns the correct shortened type name '&lt;null&gt;'" time="0.0056" asserts="0" success="True" result="Success" executed="True" />
                  <test-case description="Given '@{Name=Jakub}' it returns the correct shortened type name 'PSObject'" name="Get-ShortType.Given '@{Name=Jakub}' it returns the correct shortened type name 'PSObject'" time="0.0023" asserts="0" success="True" result="Success" executed="True" />
                  <test-case description="Given 'System.Object[] 2 3' it returns the correct shortened type name 'collection'" name="Get-ShortType.Given 'System.Object[] 2 3' it returns the correct shortened type name 'collection'" time="0.0024" asserts="0" success="True" result="Success" executed="True" />
                </results>
              </test-suite>
            </results>
          </test-suite>
        </results>
      </test-suite>
      <test-suite type="TestFixture" name="C:\p\assert\tst\Get-CustomFailureMessage.Tests.ps1" executed="True" result="Success" success="True" time="0.0437" asserts="0" description="C:\p\assert\tst\Get-CustomFailureMessage.Tests.ps1">
        <results>
          <test-suite type="TestFixture" name="Get-CustomFailureMessage" executed="True" result="Success" success="True" time="0.0147" asserts="0" description="Get-CustomFailureMessage">
            <results>
              <test-case description="returns correct custom message when no tokens are provided" name="Get-CustomFailureMessage.returns correct custom message when no tokens are provided" time="0.0022" asserts="0" success="True" result="Success" executed="True" />
              <test-case description="returns correct custom message when positional tokens are provided" name="Get-CustomFailureMessage.returns correct custom message when positional tokens are provided" time="0.0021" asserts="0" success="True" result="Success" executed="True" />
              <test-case description="returns correct custom message when named tokens are provided" name="Get-CustomFailureMessage.returns correct custom message when named tokens are provided" time="0.0021" asserts="0" success="True" result="Success" executed="True" />
              <test-case description="returns correct custom message when shortened named tokens are provided" name="Get-CustomFailureMessage.returns correct custom message when shortened named tokens are provided" time="0.0021" asserts="0" success="True" result="Success" executed="True" />
            </results>
          </test-suite>
        </results>
      </test-suite>
      <test-suite type="TestFixture" name="C:\p\assert\tst\Boolean\Assert-False.Tests.ps1" executed="True" result="Success" success="True" time="0.0774" asserts="0" description="C:\p\assert\tst\Boolean\Assert-False.Tests.ps1">
        <results>
          <test-suite type="TestFixture" name="Assert-False" executed="True" result="Success" success="True" time="0.044" asserts="0" description="Assert-False">
            <results>
              <test-suite type="TestFixture" name="Assert-False.Validate messages" executed="True" result="Success" success="True" time="0.0327" asserts="0" description="Assert-False.Validate messages">
                <results>
                  <test-suite type="ParameterizedTest" name="Assert-False.Validate messages.Given value '&lt;actual&gt;' that is not $false it returns expected message '&lt;message&gt;'" executed="True" result="Success" success="True" time="0.0071" asserts="0" description="Given value '&lt;actual&gt;' that is not $false it returns expected message '&lt;message&gt;'">
                    <results>
                      <test-case description="Given value 'True' that is not $false it returns expected message 'Expected bool '$true' to be bool '$false' or falsy value 0, &quot;&quot;, $null, @().'" name="Assert-False.Validate messages.Given value 'True' that is not $false it returns expected message 'Expected bool '$true' to be bool '$false' or falsy value 0, &quot;&quot;, $null, @().'" time="0.0036" asserts="0" success="True" result="Success" executed="True" />
                      <test-case description="Given value '10' that is not $false it returns expected message 'Expected int '10' to be bool '$false' or falsy value 0, &quot;&quot;, $null, @().'" name="Assert-False.Validate messages.Given value '10' that is not $false it returns expected message 'Expected int '10' to be bool '$false' or falsy value 0, &quot;&quot;, $null, @().'" time="0.0035" asserts="0" success="True" result="Success" executed="True" />
                    </results>
                  </test-suite>
                </results>
              </test-suite>
              <test-case description="Passes when given $false" name="Assert-False.Passes when given $false" time="0.0022" asserts="0" success="True" result="Success" executed="True" />
              <test-case description="Fails for array input even if the last item is $false" name="Assert-False.Fails for array input even if the last item is $false" time="0.0039" asserts="0" success="True" result="Success" executed="True" />
              <test-case description="Fails with custom message" name="Assert-False.Fails with custom message" time="0.0066" asserts="0" success="True" result="Success" executed="True" />
              <test-case description="Returns the value on output" name="Assert-False.Returns the value on output" time="0.0021" asserts="0" success="True" result="Success" executed="True" />
              <test-case description="Can be called with positional parameters" name="Assert-False.Can be called with positional parameters" time="0.0031" asserts="0" success="True" result="Success" executed="True" />
              <test-suite type="ParameterizedTest" name="Assert-False.Passes when given falsy value '&lt;actual&gt;'" executed="True" result="Success" success="True" time="0.0091" asserts="0" description="Passes when given falsy value '&lt;actual&gt;'">
                <results>
                  <test-case description="Passes when given falsy value '0'" name="Assert-False.Passes when given falsy value '0'" time="0.0023" asserts="0" success="True" result="Success" executed="True" />
                  <test-case description="Passes when given falsy value ''" name="Assert-False.Passes when given falsy value ''" time="0.0022" asserts="0" success="True" result="Success" executed="True" />
                  <test-case description="Passes when given falsy value ''" name="Assert-False.Passes when given falsy value ''" time="0.0023" asserts="0" success="True" result="Success" executed="True" />
                  <test-case description="Passes when given falsy value ''" name="Assert-False.Passes when given falsy value ''" time="0.0023" asserts="0" success="True" result="Success" executed="True" />
                </results>
              </test-suite>
            </results>
          </test-suite>
        </results>
      </test-suite>
      <test-suite type="TestFixture" name="C:\p\assert\tst\Boolean\Assert-True.Tests.ps1" executed="True" result="Success" success="True" time="0.0699" asserts="0" description="C:\p\assert\tst\Boolean\Assert-True.Tests.ps1">
        <results>
          <test-suite type="TestFixture" name="Assert-True" executed="True" result="Success" success="True" time="0.0402" asserts="0" description="Assert-True">
            <results>
              <test-suite type="TestFixture" name="Assert-True.Validate messages" executed="True" result="Success" success="True" time="0.0283" asserts="0" description="Assert-True.Validate messages">
                <results>
                  <test-suite type="ParameterizedTest" name="Assert-True.Validate messages.Given value that is not $true it returns expected message '&lt;message&gt;'" executed="True" result="Success" success="True" time="0.0069" asserts="0" description="Given value that is not $true it returns expected message '&lt;message&gt;'">
                    <results>
                      <test-case description="Given value that is not $true it returns expected message 'Expected bool '$false' to be bool '$true' or truthy value.'" name="Assert-True.Validate messages.Given value that is not $true it returns expected message 'Expected bool '$false' to be bool '$true' or truthy value.'" time="0.0035" asserts="0" success="True" result="Success" executed="True" />
                      <test-case description="Given value that is not $true it returns expected message 'Expected int '0' to be bool '$true' or truthy value.'" name="Assert-True.Validate messages.Given value that is not $true it returns expected message 'Expected int '0' to be bool '$true' or truthy value.'" time="0.0034" asserts="0" success="True" result="Success" executed="True" />
                    </results>
                  </test-suite>
                </results>
              </test-suite>
              <test-case description="Passes when given $true" name="Assert-True.Passes when given $true" time="0.0023" asserts="0" success="True" result="Success" executed="True" />
              <test-case description="Fails with custom message" name="Assert-True.Fails with custom message" time="0.0033" asserts="0" success="True" result="Success" executed="True" />
              <test-case description="Returns the value on output" name="Assert-True.Returns the value on output" time="0.0054" asserts="0" success="True" result="Success" executed="True" />
              <test-case description="Can be called with positional parameters" name="Assert-True.Can be called with positional parameters" time="0.0032" asserts="0" success="True" result="Success" executed="True" />
              <test-suite type="ParameterizedTest" name="Assert-True.Passes when given truthy" executed="True" result="Success" success="True" time="0.0121" asserts="0" description="Passes when given truthy">
                <results>
                  <test-case description="Passes when given truthy" name="Assert-True.Passes when given truthy(1)" time="0.0022" asserts="0" success="True" result="Success" executed="True" />
                  <test-case description="Passes when given truthy" name="Assert-True.Passes when given truthy(&quot;text&quot;)" time="0.0022" asserts="0" success="True" result="Success" executed="True" />
                  <test-case description="Passes when given truthy" name="Assert-True.Passes when given truthy()" time="0.0055" asserts="0" success="True" result="Success" executed="True" />
                  <test-case description="Passes when given truthy" name="Assert-True.Passes when given truthy(1 2)" time="0.0022" asserts="0" success="True" result="Success" executed="True" />
                </results>
              </test-suite>
            </results>
          </test-suite>
        </results>
      </test-suite>
      <test-suite type="TestFixture" name="C:\p\assert\tst\Collection\Assert-All.Tests.ps1" executed="True" result="Success" success="True" time="0.078" asserts="0" description="C:\p\assert\tst\Collection\Assert-All.Tests.ps1">
        <results>
          <test-suite type="TestFixture" name="Assert-All" executed="True" result="Success" success="True" time="0.0486" asserts="0" description="Assert-All">
            <results>
              <test-case description="Returns the value on output" name="Assert-All.Returns the value on output" time="0.0025" asserts="0" success="True" result="Success" executed="True" />
              <test-case description="Can filter using variables from the sorrounding context" name="Assert-All.Can filter using variables from the sorrounding context" time="0.0023" asserts="0" success="True" result="Success" executed="True" />
              <test-case description="Accepts FilterScript and Actual by position" name="Assert-All.Accepts FilterScript and Actual by position" time="0.0022" asserts="0" success="True" result="Success" executed="True" />
              <test-suite type="ParameterizedTest" name="Assert-All.Fails when any item in the given collection does not pass the predicate" executed="True" result="Success" success="True" time="0.0123" asserts="0" description="Fails when any item in the given collection does not pass the predicate">
                <results>
                  <test-case description="Fails when any item in the given collection does not pass the predicate" name="Assert-All.Fails when any item in the given collection does not pass the predicate(1 1 2 1)" time="0.0049" asserts="0" success="True" result="Success" executed="True" />
                  <test-case description="Fails when any item in the given collection does not pass the predicate" name="Assert-All.Fails when any item in the given collection does not pass the predicate(2)" time="0.0037" asserts="0" success="True" result="Success" executed="True" />
                  <test-case description="Fails when any item in the given collection does not pass the predicate" name="Assert-All.Fails when any item in the given collection does not pass the predicate(2)" time="0.0037" asserts="0" success="True" result="Success" executed="True" />
                </results>
              </test-suite>
              <test-suite type="ParameterizedTest" name="Assert-All.Passes when all items in the given collection pass the predicate" executed="True" result="Success" success="True" time="0.0104" asserts="0" description="Passes when all items in the given collection pass the predicate">
                <results>
                  <test-case description="Passes when all items in the given collection pass the predicate" name="Assert-All.Passes when all items in the given collection pass the predicate(1 1 1 1)" time="0.0026" asserts="0" success="True" result="Success" executed="True" />
                  <test-case description="Passes when all items in the given collection pass the predicate" name="Assert-All.Passes when all items in the given collection pass the predicate(1)" time="0.0054" asserts="0" success="True" result="Success" executed="True" />
                  <test-case description="Passes when all items in the given collection pass the predicate" name="Assert-All.Passes when all items in the given collection pass the predicate(1)" time="0.0024" asserts="0" success="True" result="Success" executed="True" />
                </results>
              </test-suite>
              <test-suite type="ParameterizedTest" name="Assert-All.Validate messages" executed="True" result="Success" success="True" time="0.0153" asserts="0" description="Validate messages">
                <results>
                  <test-case description="Validate messages" name="Assert-All.Validate messages(3 4 5,&quot;Expected all items in collection '3, 4, 5' to pass filter '{ $_ -eq 1 }', but 3 of them '3, 4, 5' did not pass the filter.&quot;)" time="0.0153" asserts="0" success="True" result="Success" executed="True" />
                </results>
              </test-suite>
            </results>
          </test-suite>
        </results>
      </test-suite>
      <test-suite type="TestFixture" name="C:\p\assert\tst\Collection\Assert-Any.Tests.ps1" executed="True" result="Success" success="True" time="0.0758" asserts="0" description="C:\p\assert\tst\Collection\Assert-Any.Tests.ps1">
        <results>
          <test-suite type="TestFixture" name="Assert-Any" executed="True" result="Success" success="True" time="0.0439" asserts="0" description="Assert-Any">
            <results>
              <test-case description="Returns the value on output" name="Assert-Any.Returns the value on output" time="0.0023" asserts="0" success="True" result="Success" executed="True" />
              <test-case description="Accepts FilterScript and Actual by position" name="Assert-Any.Accepts FilterScript and Actual by position" time="0.0022" asserts="0" success="True" result="Success" executed="True" />
              <test-suite type="ParameterizedTest" name="Assert-Any.Fails when none of the items passes the predicate" executed="True" result="Success" success="True" time="0.0147" asserts="0" description="Fails when none of the items passes the predicate">
                <results>
                  <test-case description="Fails when none of the items passes the predicate" name="Assert-Any.Fails when none of the items passes the predicate(1 2 3)" time="0.0043" asserts="0" success="True" result="Success" executed="True" />
                  <test-case description="Fails when none of the items passes the predicate" name="Assert-Any.Fails when none of the items passes the predicate(1)" time="0.0034" asserts="0" success="True" result="Success" executed="True" />
                  <test-case description="Fails when none of the items passes the predicate" name="Assert-Any.Fails when none of the items passes the predicate(1)" time="0.007" asserts="0" success="True" result="Success" executed="True" />
                </results>
              </test-suite>
              <test-suite type="ParameterizedTest" name="Assert-Any.Passes when at least one item in the given collection passes the predicate" executed="True" result="Success" success="True" time="0.007" asserts="0" description="Passes when at least one item in the given collection passes the predicate">
                <results>
                  <test-case description="Passes when at least one item in the given collection passes the predicate" name="Assert-Any.Passes when at least one item in the given collection passes the predicate(1 2 3)" time="0.0025" asserts="0" success="True" result="Success" executed="True" />
                  <test-case description="Passes when at least one item in the given collection passes the predicate" name="Assert-Any.Passes when at least one item in the given collection passes the predicate(1)" time="0.0023" asserts="0" success="True" result="Success" executed="True" />
                  <test-case description="Passes when at least one item in the given collection passes the predicate" name="Assert-Any.Passes when at least one item in the given collection passes the predicate(1)" time="0.0022" asserts="0" success="True" result="Success" executed="True" />
                </results>
              </test-suite>
              <test-suite type="ParameterizedTest" name="Assert-Any.Validate messages" executed="True" result="Success" success="True" time="0.0117" asserts="0" description="Validate messages">
                <results>
                  <test-case description="Validate messages" name="Assert-Any.Validate messages(3 4 5,&quot;Expected at least one item in collection '3, 4, 5' to pass filter '{ $_ -eq 1 }', but none of the items passed the filter.&quot;)" time="0.0042" asserts="0" success="True" result="Success" executed="True" />
                  <test-case description="Validate messages" name="Assert-Any.Validate messages(3,&quot;Expected at least one item in collection '3' to pass filter '{ $_ -eq 1 }', but none of the items passed the filter.&quot;)" time="0.004" asserts="0" success="True" result="Success" executed="True" />
                  <test-case description="Validate messages" name="Assert-Any.Validate messages(3,&quot;Expected at least one item in collection '3' to pass filter '{ $_ -eq 1 }', but none of the items passed the filter.&quot;)" time="0.0035" asserts="0" success="True" result="Success" executed="True" />
                </results>
              </test-suite>
            </results>
          </test-suite>
        </results>
      </test-suite>
      <test-suite type="TestFixture" name="C:\p\assert\tst\Collection\Assert-Contain.Tests.ps1" executed="True" result="Success" success="True" time="0.052" asserts="0" description="C:\p\assert\tst\Collection\Assert-Contain.Tests.ps1">
        <results>
          <test-suite type="TestFixture" name="Assert-Contain" executed="True" result="Success" success="True" time="0.0231" asserts="0" description="Assert-Contain">
            <results>
              <test-case description="Passes when collection of single item contains the expected item" name="Assert-Contain.Passes when collection of single item contains the expected item" time="0.0022" asserts="0" success="True" result="Success" executed="True" />
              <test-case description="Fails when collection of single item does not contain the expected item" name="Assert-Contain.Fails when collection of single item does not contain the expected item" time="0.0035" asserts="0" success="True" result="Success" executed="True" />
              <test-case description="Passes when collection of multiple items contains the expected item" name="Assert-Contain.Passes when collection of multiple items contains the expected item" time="0.0053" asserts="0" success="True" result="Success" executed="True" />
              <test-case description="Fails when collection of multiple items does not contain the expected item" name="Assert-Contain.Fails when collection of multiple items does not contain the expected item" time="0.0046" asserts="0" success="True" result="Success" executed="True" />
              <test-case description="Can be called with positional parameters" name="Assert-Contain.Can be called with positional parameters" time="0.004" asserts="0" success="True" result="Success" executed="True" />
            </results>
          </test-suite>
        </results>
      </test-suite>
      <test-suite type="TestFixture" name="C:\p\assert\tst\Collection\Assert-NotContain.Tests.ps1" executed="True" result="Success" success="True" time="0.0529" asserts="0" description="C:\p\assert\tst\Collection\Assert-NotContain.Tests.ps1">
        <results>
          <test-suite type="TestFixture" name="Assert-NotContain" executed="True" result="Success" success="True" time="0.0217" asserts="0" description="Assert-NotContain">
            <results>
              <test-case description="Fails when collection of single item contains the expected item" name="Assert-NotContain.Fails when collection of single item contains the expected item" time="0.0037" asserts="0" success="True" result="Success" executed="True" />
              <test-case description="Passes when collection of single item does not contain the expected item" name="Assert-NotContain.Passes when collection of single item does not contain the expected item" time="0.0021" asserts="0" success="True" result="Success" executed="True" />
              <test-case description="Fails when collection of multiple items contains the expected item" name="Assert-NotContain.Fails when collection of multiple items contains the expected item" time="0.0042" asserts="0" success="True" result="Success" executed="True" />
              <test-case description="Passes when collection of multiple items does not contain the expected item" name="Assert-NotContain.Passes when collection of multiple items does not contain the expected item" time="0.0022" asserts="0" success="True" result="Success" executed="True" />
              <test-case description="Can be called with positional parameters" name="Assert-NotContain.Can be called with positional parameters" time="0.0039" asserts="0" success="True" result="Success" executed="True" />
            </results>
          </test-suite>
        </results>
      </test-suite>
      <test-suite type="TestFixture" name="C:\p\assert\tst\Common\Ensure-ExpectedIsNotCollection.Tests.ps1" executed="True" result="Success" success="True" time="0.0417" asserts="0" description="C:\p\assert\tst\Common\Ensure-ExpectedIsNotCollection.Tests.ps1">
        <results>
          <test-suite type="TestFixture" name="Ensure-ExpectedIsNotCollection" executed="True" result="Success" success="True" time="0.0133" asserts="0" description="Ensure-ExpectedIsNotCollection">
            <results>
              <test-case description="Given a collection it throws ArgumentException" name="Ensure-ExpectedIsNotCollection.Given a collection it throws ArgumentException" time="0.0029" asserts="0" success="True" result="Success" executed="True" />
              <test-case description="Given a collection it throws correct message" name="Ensure-ExpectedIsNotCollection.Given a collection it throws correct message" time="0.0026" asserts="0" success="True" result="Success" executed="True" />
              <test-case description="Given a value it passes it to output when it is not a collection" name="Ensure-ExpectedIsNotCollection.Given a value it passes it to output when it is not a collection" time="0.0021" asserts="0" success="True" result="Success" executed="True" />
            </results>
          </test-suite>
        </results>
      </test-suite>
      <test-suite type="TestFixture" name="C:\p\assert\tst\Common\Get-AssertionMessage.Tests.ps1" executed="True" result="Success" success="True" time="0.0588" asserts="0" description="C:\p\assert\tst\Common\Get-AssertionMessage.Tests.ps1">
        <results>
          <test-suite type="TestFixture" name="Get-AssertionMessage" executed="True" result="Success" success="True" time="0.0275" asserts="0" description="Get-AssertionMessage">
            <results>
              <test-case description="returns correct message when no tokens are provided" name="Get-AssertionMessage.returns correct message when no tokens are provided" time="0.0028" asserts="0" success="True" result="Success" executed="True" />
              <test-case description="returns correct message when named tokens are provided" name="Get-AssertionMessage.returns correct message when named tokens are provided" time="0.0027" asserts="0" success="True" result="Success" executed="True" />
              <test-case description="returns correct message when complex objects are provided" name="Get-AssertionMessage.returns correct message when complex objects are provided" time="0.0066" asserts="0" success="True" result="Success" executed="True" />
              <test-case description="returns correct message when type tokens are provided" name="Get-AssertionMessage.returns correct message when type tokens are provided" time="0.0033" asserts="0" success="True" result="Success" executed="True" />
              <test-case description="returns correct type message when $null is provided" name="Get-AssertionMessage.returns correct type message when $null is provided" time="0.0024" asserts="0" success="True" result="Success" executed="True" />
              <test-case description="returns correct message when option is provided" name="Get-AssertionMessage.returns correct message when option is provided" time="0.0027" asserts="0" success="True" result="Success" executed="True" />
              <test-case description="returns correct message when additional data are provided" name="Get-AssertionMessage.returns correct message when additional data are provided" time="0.0033" asserts="0" success="True" result="Success" executed="True" />
            </results>
          </test-suite>
        </results>
      </test-suite>
      <test-suite type="TestFixture" name="C:\p\assert\tst\Equivalence\Assert-Equivalent.Options.Tests.ps1" executed="True" result="Success" success="True" time="0.2839" asserts="0" description="C:\p\assert\tst\Equivalence\Assert-Equivalent.Options.Tests.ps1">
        <results>
          <test-suite type="TestFixture" name="Compare-Equivalent - Exclude path options" executed="True" result="Success" success="True" time="0.227" asserts="0" description="Compare-Equivalent - Exclude path options">
            <results>
              <test-suite type="TestFixture" name="Compare-Equivalent - Exclude path options.Full excluded paths" executed="True" result="Success" success="True" time="0.1489" asserts="0" description="Compare-Equivalent - Exclude path options.Full excluded paths">
                <results>
                  <test-case description="Given a full path to a property on object that is in collection it ignores it on the Expected object" name="Compare-Equivalent - Exclude path options.Full excluded paths.Given a full path to a property on object that is in collection it ignores it on the Expected object" time="0.0194" asserts="0" success="True" result="Success" executed="True" />
                  <test-case description="Given a full path to a property on object that is in collection it ignores it on the Actual object" name="Compare-Equivalent - Exclude path options.Full excluded paths.Given a full path to a property on object that is in collection it ignores it on the Actual object" time="0.0192" asserts="0" success="True" result="Success" executed="True" />
                  <test-case description="Given a full path to a property on object that is in hashtable it ignores it on the Expected object" name="Compare-Equivalent - Exclude path options.Full excluded paths.Given a full path to a property on object that is in hashtable it ignores it on the Expected object" time="0.0157" asserts="0" success="True" result="Success" executed="True" />
                  <test-case description="Given a full path to a key on a hashtable it ignores it on the Expected hashtable" name="Compare-Equivalent - Exclude path options.Full excluded paths.Given a full path to a key on a hashtable it ignores it on the Expected hashtable" time="0.0083" asserts="0" success="True" result="Success" executed="True" />
                  <test-case description="Given a full path to a key on a hashtable it ignores it on the Actual hashtable" name="Compare-Equivalent - Exclude path options.Full excluded paths.Given a full path to a key on a hashtable it ignores it on the Actual hashtable" time="0.006" asserts="0" success="True" result="Success" executed="True" />
                  <test-case description="Given a full path to a key on a dictionary it ignores it on the Expected dictionary" name="Compare-Equivalent - Exclude path options.Full excluded paths.Given a full path to a key on a dictionary it ignores it on the Expected dictionary" time="0.0072" asserts="0" success="True" result="Success" executed="True" />
                  <test-case description="Given a full path to a key on a dictionary it ignores it on the Actual dictionary" name="Compare-Equivalent - Exclude path options.Full excluded paths.Given a full path to a key on a dictionary it ignores it on the Actual dictionary" time="0.0094" asserts="0" success="True" result="Success" executed="True" />
                  <test-case description="Given options it passes them correctly from Assert-Equivalent" name="Compare-Equivalent - Exclude path options.Full excluded paths.Given options it passes them correctly from Assert-Equivalent" time="0.0105" asserts="0" success="True" result="Success" executed="True" />
                  <test-suite type="ParameterizedTest" name="Compare-Equivalent - Exclude path options.Full excluded paths.Given a full path to a property it ignores it on the Actual object" executed="True" result="Success" success="True" time="0.0237" asserts="0" description="Given a full path to a property it ignores it on the Actual object">
                    <results>
                      <test-case description="Given a full path to a property it ignores it on the Actual object" name="Compare-Equivalent - Exclude path options.Full excluded paths.Given a full path to a property it ignores it on the Actual object(null)" time="0.0069" asserts="0" success="True" result="Success" executed="True" />
                      <test-case description="Given a full path to a property it ignores it on the Actual object" name="Compare-Equivalent - Exclude path options.Full excluded paths.Given a full path to a property it ignores it on the Actual object(&quot;ParentProperty1&quot;)" time="0.0099" asserts="0" success="True" result="Success" executed="True" />
                      <test-case description="Given a full path to a property it ignores it on the Actual object" name="Compare-Equivalent - Exclude path options.Full excluded paths.Given a full path to a property it ignores it on the Actual object(&quot;ParentProperty1.ParentProperty2&quot;)" time="0.0069" asserts="0" success="True" result="Success" executed="True" />
                    </results>
                  </test-suite>
                  <test-suite type="ParameterizedTest" name="Compare-Equivalent - Exclude path options.Full excluded paths.Given a full path to a property it ignores it on the Expected object" executed="True" result="Success" success="True" time="0.0254" asserts="0" description="Given a full path to a property it ignores it on the Expected object">
                    <results>
                      <test-case description="Given a full path to a property it ignores it on the Expected object" name="Compare-Equivalent - Exclude path options.Full excluded paths.Given a full path to a property it ignores it on the Expected object(null)" time="0.0076" asserts="0" success="True" result="Success" executed="True" />
                      <test-case description="Given a full path to a property it ignores it on the Expected object" name="Compare-Equivalent - Exclude path options.Full excluded paths.Given a full path to a property it ignores it on the Expected object(&quot;ParentProperty1&quot;)" time="0.0108" asserts="0" success="True" result="Success" executed="True" />
                      <test-case description="Given a full path to a property it ignores it on the Expected object" name="Compare-Equivalent - Exclude path options.Full excluded paths.Given a full path to a property it ignores it on the Expected object(&quot;ParentProperty1.ParentProperty2&quot;)" time="0.007" asserts="0" success="True" result="Success" executed="True" />
                    </results>
                  </test-suite>
                </results>
              </test-suite>
              <test-suite type="TestFixture" name="Compare-Equivalent - Exclude path options.Wildcard path exclusions" executed="True" result="Success" success="True" time="0.2005" asserts="0" description="Compare-Equivalent - Exclude path options.Wildcard path exclusions">
                <results>
                  <test-case description="Given wildcarded path it ignores it on the expected object" name="Compare-Equivalent - Exclude path options.Wildcard path exclusions.Given wildcarded path it ignores it on the expected object" time="0.0098" asserts="0" success="True" result="Success" executed="True" />
                  <test-case description="Given wildcarded path it ignores it on the actual object" name="Compare-Equivalent - Exclude path options.Wildcard path exclusions.Given wildcarded path it ignores it on the actual object" time="0.0068" asserts="0" success="True" result="Success" executed="True" />
                  <test-case description="Given wildcarded path it ignores it on the expected hashtable" name="Compare-Equivalent - Exclude path options.Wildcard path exclusions.Given wildcarded path it ignores it on the expected hashtable" time="0.0085" asserts="0" success="True" result="Success" executed="True" />
                  <test-case description="Given wildcarded path it ignores it on the actual hashtable" name="Compare-Equivalent - Exclude path options.Wildcard path exclusions.Given wildcarded path it ignores it on the actual hashtable" time="0.0062" asserts="0" success="True" result="Success" executed="True" />
                  <test-case description="Given wildcarded path it ignores it on the expected dictionary" name="Compare-Equivalent - Exclude path options.Wildcard path exclusions.Given wildcarded path it ignores it on the expected dictionary" time="0.0073" asserts="0" success="True" result="Success" executed="True" />
                  <test-case description="Given wildcarded path it ignores it on the actual dictionary" name="Compare-Equivalent - Exclude path options.Wildcard path exclusions.Given wildcarded path it ignores it on the actual dictionary" time="0.0096" asserts="0" success="True" result="Success" executed="True" />
                </results>
              </test-suite>
              <test-suite type="TestFixture" name="Compare-Equivalent - Exclude path options.-ExcludePathsNotOnExpected" executed="True" result="Success" success="True" time="0.2239" asserts="0" description="Compare-Equivalent - Exclude path options.-ExcludePathsNotOnExpected">
                <results>
                  <test-case description="Given actual object that has more properties that expected it skips them" name="Compare-Equivalent - Exclude path options.-ExcludePathsNotOnExpected.Given actual object that has more properties that expected it skips them" time="0.006" asserts="0" success="True" result="Success" executed="True" />
                  <test-case description="Given actual hashtable that has more keys that expected it skips them" name="Compare-Equivalent - Exclude path options.-ExcludePathsNotOnExpected.Given actual hashtable that has more keys that expected it skips them" time="0.0052" asserts="0" success="True" result="Success" executed="True" />
                  <test-case description="Given actual dictionary that has more keys that expected it skips them" name="Compare-Equivalent - Exclude path options.-ExcludePathsNotOnExpected.Given actual dictionary that has more keys that expected it skips them" time="0.0089" asserts="0" success="True" result="Success" executed="True" />
                </results>
              </test-suite>
            </results>
          </test-suite>
          <test-suite type="TestFixture" name="Compare-Equiavlent - equality comparison options" executed="True" result="Success" success="True" time="0.2393" asserts="0" description="Compare-Equiavlent - equality comparison options">
            <results>
              <test-case description="Given objects that are equivalent and -Comparator Equality option it compares them as different" name="Compare-Equiavlent - equality comparison options.Given objects that are equivalent and -Comparator Equality option it compares them as different" time="0.0093" asserts="0" success="True" result="Success" executed="True" />
            </results>
          </test-suite>
          <test-suite type="TestFixture" name="Printing Options into difference report" executed="True" result="Success" success="True" time="0.2493" asserts="0" description="Printing Options into difference report">
            <results>
              <test-case description="Given options that exclude property it shows up in the difference report correctly" name="Printing Options into difference report.Given options that exclude property it shows up in the difference report correctly" time="0.0024" asserts="0" success="True" result="Success" executed="True" />
              <test-case description="Given options that exclude property it shows up in the difference report correctly" name="Printing Options into difference report.Given options that exclude property it shows up in the difference report correctly" time="0.0045" asserts="0" success="True" result="Success" executed="True" />
            </results>
          </test-suite>
        </results>
      </test-suite>
      <test-suite type="TestFixture" name="C:\p\assert\tst\Equivalence\Assert-Equivalent.Tests.ps1" executed="True" result="Success" success="True" time="1.2034" asserts="0" description="C:\p\assert\tst\Equivalence\Assert-Equivalent.Tests.ps1">
        <results>
          <test-suite type="TestFixture" name="Test-Same" executed="True" result="Success" success="True" time="0.0195" asserts="0" description="Test-Same">
            <results>
              <test-suite type="ParameterizedTest" name="Test-Same.Given the same instance of a reference type it returns $true" executed="True" result="Success" success="True" time="0.0116" asserts="0" description="Given the same instance of a reference type it returns $true">
                <results>
                  <test-case description="Given the same instance of a reference type it returns $true" name="Test-Same.Given the same instance of a reference type it returns $true(null)" time="0.0023" asserts="0" success="True" result="Success" executed="True" />
                  <test-case description="Given the same instance of a reference type it returns $true" name="Test-Same.Given the same instance of a reference type it returns $true()" time="0.0048" asserts="0" success="True" result="Success" executed="True" />
                  <test-case description="Given the same instance of a reference type it returns $true" name="Test-Same.Given the same instance of a reference type it returns $true(type)" time="0.0022" asserts="0" success="True" result="Success" executed="True" />
                  <test-case description="Given the same instance of a reference type it returns $true" name="Test-Same.Given the same instance of a reference type it returns $true(System.Diagnostics.Process)" time="0.0022" asserts="0" success="True" result="Success" executed="True" />
                </results>
              </test-suite>
              <test-suite type="ParameterizedTest" name="Test-Same.Given different instances of a reference type it returns $false" executed="True" result="Success" success="True" time="0.0044" asserts="0" description="Given different instances of a reference type it returns $false">
                <results>
                  <test-case description="Given different instances of a reference type it returns $false" name="Test-Same.Given different instances of a reference type it returns $false(,)" time="0.0022" asserts="0" success="True" result="Success" executed="True" />
                  <test-case description="Given different instances of a reference type it returns $false" name="Test-Same.Given different instances of a reference type it returns $false(System.Diagnostics.Process,System.Diagnostics.Process)" time="0.0022" asserts="0" success="True" result="Success" executed="True" />
                </results>
              </test-suite>
            </results>
          </test-suite>
          <test-suite type="TestFixture" name="Get-TestCase" executed="True" result="Success" success="True" time="0.0291" asserts="0" description="Get-TestCase">
            <results>
              <test-case description="Given a value it returns the value and its type in a hashtable" name="Get-TestCase.Given a value it returns the value and its type in a hashtable" time="0.0023" asserts="0" success="True" result="Success" executed="True" />
              <test-case description="Given $null it returns  as the name of the type" name="Get-TestCase.Given $null it returns  as the name of the type" time="0.0022" asserts="0" success="True" result="Success" executed="True" />
            </results>
          </test-suite>
          <test-suite type="TestFixture" name="Get-ValueNotEquivalentMessage" executed="True" result="Success" success="True" time="0.0509" asserts="0" description="Get-ValueNotEquivalentMessage">
            <results>
              <test-case description="Returns correct message when comparing value to an object" name="Get-ValueNotEquivalentMessage.Returns correct message when comparing value to an object" time="0.0032" asserts="0" success="True" result="Success" executed="True" />
              <test-case description="Returns correct message when comparing object to a value" name="Get-ValueNotEquivalentMessage.Returns correct message when comparing object to a value" time="0.003" asserts="0" success="True" result="Success" executed="True" />
              <test-case description="Returns correct message when comparing value to an array" name="Get-ValueNotEquivalentMessage.Returns correct message when comparing value to an array" time="0.0031" asserts="0" success="True" result="Success" executed="True" />
              <test-case description="Returns correct message when comparing value to null" name="Get-ValueNotEquivalentMessage.Returns correct message when comparing value to null" time="0.0023" asserts="0" success="True" result="Success" executed="True" />
              <test-case description="Returns correct message for given property" name="Get-ValueNotEquivalentMessage.Returns correct message for given property" time="0.0023" asserts="0" success="True" result="Success" executed="True" />
              <test-case description="Changes wording to 'equal' when options specify Equality comparator" name="Get-ValueNotEquivalentMessage.Changes wording to 'equal' when options specify Equality comparator" time="0.0025" asserts="0" success="True" result="Success" executed="True" />
            </results>
          </test-suite>
          <test-suite type="TestFixture" name="Is-CollectionSize" executed="True" result="Success" success="True" time="0.0655" asserts="0" description="Is-CollectionSize">
            <results>
              <test-suite type="ParameterizedTest" name="Is-CollectionSize.Given two collections '&lt;expected&gt;' '&lt;actual&gt;' of the same size it returns $true" executed="True" result="Success" success="True" time="0.0047" asserts="0" description="Given two collections '&lt;expected&gt;' '&lt;actual&gt;' of the same size it returns $true">
                <results>
                  <test-case description="Given two collections '1 2 3' '1 2 3' of the same size it returns $true" name="Is-CollectionSize.Given two collections '1 2 3' '1 2 3' of the same size it returns $true" time="0.0024" asserts="0" success="True" result="Success" executed="True" />
                  <test-case description="Given two collections '3 2 1' '1 2 3' of the same size it returns $true" name="Is-CollectionSize.Given two collections '3 2 1' '1 2 3' of the same size it returns $true" time="0.0023" asserts="0" success="True" result="Success" executed="True" />
                </results>
              </test-suite>
              <test-suite type="ParameterizedTest" name="Is-CollectionSize.Given two collections '&lt;expected&gt;' '&lt;actual&gt;' of different sizes it returns $false" executed="True" result="Success" success="True" time="0.0067" asserts="0" description="Given two collections '&lt;expected&gt;' '&lt;actual&gt;' of different sizes it returns $false">
                <results>
                  <test-case description="Given two collections '1 2 3 4' '1 2 3' of different sizes it returns $false" name="Is-CollectionSize.Given two collections '1 2 3 4' '1 2 3' of different sizes it returns $false" time="0.0022" asserts="0" success="True" result="Success" executed="True" />
                  <test-case description="Given two collections '1 2' '1 2 3' of different sizes it returns $false" name="Is-CollectionSize.Given two collections '1 2' '1 2 3' of different sizes it returns $false" time="0.0022" asserts="0" success="True" result="Success" executed="True" />
                  <test-case description="Given two collections '' '1 2 3' of different sizes it returns $false" name="Is-CollectionSize.Given two collections '' '1 2 3' of different sizes it returns $false" time="0.0022" asserts="0" success="True" result="Success" executed="True" />
                </results>
              </test-suite>
            </results>
          </test-suite>
          <test-suite type="TestFixture" name="Get-CollectionSizeNotTheSameMessage" executed="True" result="Success" success="True" time="0.0746" asserts="0" description="Get-CollectionSizeNotTheSameMessage">
            <results>
              <test-case description="Given two collections of differrent sizes it returns the correct message" name="Get-CollectionSizeNotTheSameMessage.Given two collections of differrent sizes it returns the correct message" time="0.006" asserts="0" success="True" result="Success" executed="True" />
            </results>
          </test-suite>
          <test-suite type="TestFixture" name="Compare-ValueEquivalent" executed="True" result="Success" success="True" time="0.1379" asserts="0" description="Compare-ValueEquivalent">
            <results>
              <test-case description="Given expected that is not a value it throws ArgumentException" name="Compare-ValueEquivalent.Given expected that is not a value it throws ArgumentException" time="0.0088" asserts="0" success="True" result="Success" executed="True" />
              <test-suite type="ParameterizedTest" name="Compare-ValueEquivalent.Given values '&lt;expected&gt;' and '&lt;actual&gt;' that are not equivalent it returns message '&lt;message&gt;'." executed="True" result="Success" success="True" time="0.0507" asserts="0" description="Given values '&lt;expected&gt;' and '&lt;actual&gt;' that are not equivalent it returns message '&lt;message&gt;'.">
                <results>
                  <test-case description="Given values '1' and '' that are not equivalent it returns message 'Expected '1' to be equivalent to the actual value, but got '$null'.'." name="Compare-ValueEquivalent.Given values '1' and '' that are not equivalent it returns message 'Expected '1' to be equivalent to the actual value, but got '$null'.'." time="0.0038" asserts="0" success="True" result="Success" executed="True" />
                  <test-case description="Given values '' and '' that are not equivalent it returns message 'Expected '' to be equivalent to the actual value, but got '$null'.'." name="Compare-ValueEquivalent.Given values '' and '' that are not equivalent it returns message 'Expected '' to be equivalent to the actual value, but got '$null'.'." time="0.0036" asserts="0" success="True" result="Success" executed="True" />
                  <test-case description="Given values 'False' and 'True' that are not equivalent it returns message 'Expected '$false' to be equivalent to the actual value, but got '$true'.'." name="Compare-ValueEquivalent.Given values 'False' and 'True' that are not equivalent it returns message 'Expected '$false' to be equivalent to the actual value, but got '$true'.'." time="0.0034" asserts="0" success="True" result="Success" executed="True" />
                  <test-case description="Given values 'False' and 'True' that are not equivalent it returns message 'Expected '$false' to be equivalent to the actual value, but got '$true'.'." name="Compare-ValueEquivalent.Given values 'False' and 'True' that are not equivalent it returns message 'Expected '$false' to be equivalent to the actual value, but got '$true'.'." time="0.0056" asserts="0" success="True" result="Success" executed="True" />
                  <test-case description="Given values '-1' and '1' that are not equivalent it returns message 'Expected '-1' to be equivalent to the actual value, but got '1'.'." name="Compare-ValueEquivalent.Given values '-1' and '1' that are not equivalent it returns message 'Expected '-1' to be equivalent to the actual value, but got '1'.'." time="0.0038" asserts="0" success="True" result="Success" executed="True" />
                  <test-case description="Given values '1.01' and '1' that are not equivalent it returns message 'Expected '1.01' to be equivalent to the actual value, but got '1'.'." name="Compare-ValueEquivalent.Given values '1.01' and '1' that are not equivalent it returns message 'Expected '1.01' to be equivalent to the actual value, but got '1'.'." time="0.0038" asserts="0" success="True" result="Success" executed="True" />
                  <test-case description="Given values 'a b c' and 'abc' that are not equivalent it returns message 'Expected 'a b c' to be equivalent to the actual value, but got 'abc'.'." name="Compare-ValueEquivalent.Given values 'a b c' and 'abc' that are not equivalent it returns message 'Expected 'a b c' to be equivalent to the actual value, but got 'abc'.'." time="0.0038" asserts="0" success="True" result="Success" executed="True" />
                  <test-case description="Given values 'abc' and 'abc bde' that are not equivalent it returns message 'Expected 'abc' to be equivalent to the actual value, but got 'abc, bde'.'." name="Compare-ValueEquivalent.Given values 'abc' and 'abc bde' that are not equivalent it returns message 'Expected 'abc' to be equivalent to the actual value, but got 'abc, bde'.'." time="0.0077" asserts="0" success="True" result="Success" executed="True" />
                  <test-case description="Given values 'abc' and 'def' that are not equivalent it returns message 'Expected 'abc' to be equivalent to the actual value, but got '{def}'.'." name="Compare-ValueEquivalent.Given values 'abc' and 'def' that are not equivalent it returns message 'Expected 'abc' to be equivalent to the actual value, but got '{def}'.'." time="0.0039" asserts="0" success="True" result="Success" executed="True" />
                  <test-case description="Given values 'abc' and '@{Name=Jakub}' that are not equivalent it returns message 'Expected 'abc' to be equivalent to the actual value, but got 'PSObject{Name=Jakub}'.'." name="Compare-ValueEquivalent.Given values 'abc' and '@{Name=Jakub}' that are not equivalent it returns message 'Expected 'abc' to be equivalent to the actual value, but got 'PSObject{Name=Jakub}'.'." time="0.0055" asserts="0" success="True" result="Success" executed="True" />
                  <test-case description="Given values 'abc' and '1 2 3' that are not equivalent it returns message 'Expected 'abc' to be equivalent to the actual value, but got '1, 2, 3'.'." name="Compare-ValueEquivalent.Given values 'abc' and '1 2 3' that are not equivalent it returns message 'Expected 'abc' to be equivalent to the actual value, but got '1, 2, 3'.'." time="0.0057" asserts="0" success="True" result="Success" executed="True" />
                </results>
              </test-suite>
            </results>
          </test-suite>
          <test-suite type="TestFixture" name="Compare-CollectionEquivalent" executed="True" result="Success" success="True" time="0.274" asserts="0" description="Compare-CollectionEquivalent">
            <results>
[...]
gnostics.Process (dllhost) System.Diagnostics.Process (dllhost) System.Diagnostics.Process (dllhost) System.Diagnostics.Process (dwm) System.Diagnostics.Process (Everything) System.Diagnostics.Process (Everything) System.Diagnostics.Process (explorer) System.Diagnostics.Process (FileCoAuth) System.Diagnostics.Process (fontdrvhost) System.Diagnostics.Process (fontdrvhost) System.Diagnostics.Process (GpVpnApp) System.Diagnostics.Process (HelpPane) System.Diagnostics.Process (HxAccounts) System.Diagnostics.Process (HxOutlook) System.Diagnostics.Process (HxTsr) System.Diagnostics.Process (Idle) System.Diagnostics.Process (IESettingSync) System.Diagnostics.Process (iexplore) System.Diagnostics.Process (iexplore) System.Diagnostics.Process (IpOverUsbSvc) System.Diagnostics.Process (laclient) System.Diagnostics.Process (Linux File Systems for Windows by Paragon Software) System.Diagnostics.Process (LockApp) System.Diagnostics.Process (LogiFacecamService) System.Diagnostics.Process (LogiOptions) System.Diagnostics.Process (LogiOptionsMgr) System.Diagnostics.Process (LogiOverlay) System.Diagnostics.Process (LsaIso) System.Diagnostics.Process (lsass) System.Diagnostics.Process (mDNSResponder) System.Diagnostics.Process (Memory Compression) System.Diagnostics.Process (Microsoft.Alm.Shared.Remoting.RemoteContainer.dll) System.Diagnostics.Process (Microsoft.Alm.Shared.Remoting.RemoteContainer.dll) System.Diagnostics.Process (Microsoft.Alm.Shared.Remoting.RemoteContainer.dll) System.Diagnostics.Process (Microsoft.Management.Services.IntuneWindowsAgent) System.Diagnostics.Process (Microsoft.Photos) System.Diagnostics.Process (Microsoft.ServiceHub.Controller) System.Diagnostics.Process (Microsoft.ServiceHub.Controller) System.Diagnostics.Process (Microsoft.ServiceHub.Controller) System.Diagnostics.Process (MoUsoCoreWorker) System.Diagnostics.Process (MpCmdRun) System.Diagnostics.Process (msedge) System.Diagnostics.Process (msedge) System.Diagnostics.Process (msedge) System.Diagnostics.Process (msedge) System.Diagnostics.Process (msedge) System.Diagnostics.Process (msedge) System.Diagnostics.Process (msedge) System.Diagnostics.Process (msedge) System.Diagnostics.Process (msedge) System.Diagnostics.Process (msedge) System.Diagnostics.Process (msedge) System.Diagnostics.Process (msedge) System.Diagnostics.Process (msedge) System.Diagnostics.Process (msedge) System.Diagnostics.Process (msedge) System.Diagnostics.Process (msedge) System.Diagnostics.Process (msedge) System.Diagnostics.Process (msedge) System.Diagnostics.Process (msedge) System.Diagnostics.Process (msedge) System.Diagnostics.Process (msedge) System.Diagnostics.Process (msedge) System.Diagnostics.Process (msedge) System.Diagnostics.Process (msedge) System.Diagnostics.Process (msedge) System.Diagnostics.Process (msedge) System.Diagnostics.Process (msedge) System.Diagnostics.Process (msedge) System.Diagnostics.Process (msedge) System.Diagnostics.Process (msedge) System.Diagnostics.Process (msedge) System.Diagnostics.Process (msedge) System.Diagnostics.Process (msedge) System.Diagnostics.Process (MsMpEng) System.Diagnostics.Process (MsSense) System.Diagnostics.Process (nahimicNotifSys) System.Diagnostics.Process (NahimicService) System.Diagnostics.Process (NahimicSvc32) System.Diagnostics.Process (NahimicSvc64) System.Diagnostics.Process (NisSrv) System.Diagnostics.Process (NVDisplay.Container) System.Diagnostics.Process (NVDisplay.Container) System.Diagnostics.Process (OfficeClickToRun) System.Diagnostics.Process (OneDrive) System.Diagnostics.Process (OneDrive) System.Diagnostics.Process (OneDrive) System.Diagnostics.Process (onenoteim) System.Diagnostics.Process (ONENOTEM) System.Diagnostics.Process (OpenConsole) System.Diagnostics.Process (OUTLOOK) System.Diagnostics.Process (paragon_service) System.Diagnostics.Process (PerfWatson2) System.Diagnostics.Process (PerfWatson2) System.Diagnostics.Process (PerfWatson2) System.Diagnostics.Process (pwsh) System.Diagnostics.Process (pwsh) System.Diagnostics.Process (pwsh) System.Diagnostics.Process (pwsh) System.Diagnostics.Process (pwsh) System.Diagnostics.Process (QualysAgent) System.Diagnostics.Process (Registry) System.Diagnostics.Process (rundll32) System.Diagnostics.Process (RuntimeBroker) System.Diagnostics.Process (RuntimeBroker) System.Diagnostics.Process (RuntimeBroker) System.Diagnostics.Process (RuntimeBroker) System.Diagnostics.Process (RuntimeBroker) System.Diagnostics.Process (RuntimeBroker) System.Diagnostics.Process (RuntimeBroker) System.Diagnostics.Process (RuntimeBroker) System.Diagnostics.Process (RuntimeBroker) System.Diagnostics.Process (RuntimeBroker) System.Diagnostics.Process (RuntimeBroker) System.Diagnostics.Process (RuntimeBroker) System.Diagnostics.Process (RuntimeBroker) System.Diagnostics.Process (RuntimeBroker) System.Diagnostics.Process (RuntimeBroker) System.Diagnostics.Process (RuntimeBroker) System.Diagnostics.Process (SCNotification) System.Diagnostics.Process (ScriptedSandbox64) System.Diagnostics.Process (ScriptedSandbox64) System.Diagnostics.Process (ScriptedSandbox64) System.Diagnostics.Process (SearchApp) System.Diagnostics.Process (SearchFilterHost) System.Diagnostics.Process (SearchIndexer) System.Diagnostics.Process (SearchProtocolHost) System.Diagnostics.Process (Secure System) System.Diagnostics.Process (SecurityHealthService) System.Diagnostics.Process (SecurityHealthSystray) System.Diagnostics.Process (SenseCE) System.Diagnostics.Process (SenseNdr) System.Diagnostics.Process (ServiceHub.DataWarehouseHost) System.Diagnostics.Process (ServiceHub.DataWarehouseHost) System.Diagnostics.Process (ServiceHub.DataWarehouseHost) System.Diagnostics.Process (ServiceHub.Host.CLR) System.Diagnostics.Process (ServiceHub.Host.CLR.x64) System.Diagnostics.Process (ServiceHub.Host.CLR.x64) System.Diagnostics.Process (ServiceHub.Host.CLR.x64) System.Diagnostics.Process (ServiceHub.Host.CLR.x86) System.Diagnostics.Process (ServiceHub.Host.CLR.x86) System.Diagnostics.Process (ServiceHub.Host.CLR.x86) System.Diagnostics.Process (ServiceHub.Host.CLR.x86) System.Diagnostics.Process (ServiceHub.Host.CLR.x86) System.Diagnostics.Process (ServiceHub.Host.CLR.x86) System.Diagnostics.Process (ServiceHub.Host.CLR.x86) System.Diagnostics.Process (ServiceHub.Host.CLR.x86) System.Diagnostics.Process (ServiceHub.IdentityHost) System.Diagnostics.Process (ServiceHub.IdentityHost) System.Diagnostics.Process (ServiceHub.IdentityHost) System.Diagnostics.Process (ServiceHub.RoslynCodeAnalysisService) System.Diagnostics.Process (ServiceHub.RoslynCodeAnalysisServiceS) System.Diagnostics.Process (ServiceHub.RoslynCodeAnalysisServiceS) System.Diagnostics.Process (ServiceHub.SettingsHost) System.Diagnostics.Process (ServiceHub.SettingsHost) System.Diagnostics.Process (ServiceHub.SettingsHost) System.Diagnostics.Process (ServiceHub.TestWindowStoreHost) System.Diagnostics.Process (ServiceHub.TestWindowStoreHost) System.Diagnostics.Process (ServiceHub.TestWindowStoreHost) System.Diagnostics.Process (ServiceHub.ThreadedWaitDialog) System.Diagnostics.Process (ServiceHub.ThreadedWaitDialog) System.Diagnostics.Process (ServiceHub.VSDetouredHost) System.Diagnostics.Process (ServiceHub.VSDetouredHost) System.Diagnostics.Process (ServiceHub.VSDetouredHost) System.Diagnostics.Process (services) System.Diagnostics.Process (SettingSyncHost) System.Diagnostics.Process (SgrmBroker) System.Diagnostics.Process (ShellExperienceHost) System.Diagnostics.Process (sihost) System.Diagnostics.Process (Skype) System.Diagnostics.Process (Skype) System.Diagnostics.Process (Skype) System.Diagnostics.Process (Skype) System.Diagnostics.Process (Skype) System.Diagnostics.Process (Skype) System.Diagnostics.Process (smartscreen) System.Diagnostics.Process (smss) System.Diagnostics.Process (spoolsv) System.Diagnostics.Process (sqlwriter) System.Diagnostics.Process (StartMenuExperienceHost) System.Diagnostics.Process (svchost) System.Diagnostics.Process (svchost) System.Diagnostics.Process (svchost) System.Diagnostics.Process (svchost) System.Diagnostics.Process (svchost) System.Diagnostics.Process (svchost) System.Diagnostics.Process (svchost) System.Diagnostics.Process (svchost) System.Diagnostics.Process (svchost) System.Diagnostics.Process (svchost) System.Diagnostics.Process (svchost) System.Diagnostics.Process (svchost) System.Diagnostics.Process (svchost) System.Diagnostics.Process (svchost) System.Diagnostics.Process (svchost) System.Diagnostics.Process (svchost) System.Diagnostics.Process (svchost) System.Diagnostics.Process (svchost) System.Diagnostics.Process (svchost) System.Diagnostics.Process (svchost) System.Diagnostics.Process (svchost) System.Diagnostics.Process (svchost) System.Diagnostics.Process (svchost) System.Diagnostics.Process (svchost) System.Diagnostics.Process (svchost) System.Diagnostics.Process (svchost) System.Diagnostics.Process (svchost) System.Diagnostics.Process (svchost) System.Diagnostics.Process (svchost) System.Diagnostics.Process (svchost) System.Diagnostics.Process (svchost) System.Diagnostics.Process (svchost) System.Diagnostics.Process (svchost) System.Diagnostics.Process (svchost) System.Diagnostics.Process (svchost) System.Diagnostics.Process (svchost) System.Diagnostics.Process (svchost) System.Diagnostics.Process (svchost) System.Diagnostics.Process (svchost) System.Diagnostics.Process (svchost) System.Diagnostics.Process (svchost) System.Diagnostics.Process (svchost) System.Diagnostics.Process (svchost) System.Diagnostics.Process (svchost) System.Diagnostics.Process (svchost) System.Diagnostics.Process (svchost) System.Diagnostics.Process (svchost) System.Diagnostics.Process (svchost) System.Diagnostics.Process (svchost) System.Diagnostics.Process (svchost) System.Diagnostics.Process (svchost) System.Diagnostics.Process (svchost) System.Diagnostics.Process (svchost) System.Diagnostics.Process (svchost) System.Diagnostics.Process (svchost) System.Diagnostics.Process (svchost) System.Diagnostics.Process (svchost) System.Diagnostics.Process (svchost) System.Diagnostics.Process (svchost) System.Diagnostics.Process (svchost) System.Diagnostics.Process (svchost) System.Diagnostics.Process (svchost) System.Diagnostics.Process (svchost) System.Diagnostics.Process (svchost) System.Diagnostics.Process (svchost) System.Diagnostics.Process (svchost) System.Diagnostics.Process (svchost) System.Diagnostics.Process (svchost) System.Diagnostics.Process (svchost) System.Diagnostics.Process (svchost) System.Diagnostics.Process (svchost) System.Diagnostics.Process (svchost) System.Diagnostics.Process (svchost) System.Diagnostics.Process (svchost) System.Diagnostics.Process (svchost) System.Diagnostics.Process (svchost) System.Diagnostics.Process (svchost) System.Diagnostics.Process (svchost) System.Diagnostics.Process (svchost) System.Diagnostics.Process (svchost) System.Diagnostics.Process (svchost) System.Diagnostics.Process (svchost) System.Diagnostics.Process (svchost) System.Diagnostics.Process (svchost) System.Diagnostics.Process (svchost) System.Diagnostics.Process (svchost) System.Diagnostics.Process (svchost) System.Diagnostics.Process (svchost) System.Diagnostics.Process (svchost) System.Diagnostics.Process (svchost) System.Diagnostics.Process (svchost) System.Diagnostics.Process (svchost) System.Diagnostics.Process (svchost) System.Diagnostics.Process (svchost) System.Diagnostics.Process (svchost) System.Diagnostics.Process (svchost) System.Diagnostics.Process (svchost) System.Diagnostics.Process (svchost) System.Diagnostics.Process (svchost) System.Diagnostics.Process (System) System.Diagnostics.Process (SystemSettings) System.Diagnostics.Process (taskhostw) System.Diagnostics.Process (Teams) System.Diagnostics.Process (Teams) System.Diagnostics.Process (Teams) System.Diagnostics.Process (Teams) System.Diagnostics.Process (Teams) System.Diagnostics.Process (Teams) System.Diagnostics.Process (Teams) System.Diagnostics.Process (Teams) System.Diagnostics.Process (Teams) System.Diagnostics.Process (Teams) System.Diagnostics.Process (TextInputHost) System.Diagnostics.Process (touchcursor) System.Diagnostics.Process (uhssvc) System.Diagnostics.Process (UserOOBEBroker) System.Diagnostics.Process (vds) System.Diagnostics.Process (Video.UI) System.Diagnostics.Process (vmcompute) System.Diagnostics.Process (vmmem) System.Diagnostics.Process (vmmem) System.Diagnostics.Process (vmms) System.Diagnostics.Process (vmwp) System.Diagnostics.Process (vsls-agent) System.Diagnostics.Process (vsls-agent) System.Diagnostics.Process (vstest.console) System.Diagnostics.Process (vstest.console) System.Diagnostics.Process (vstest.console) System.Diagnostics.Process (WindowsTerminal) System.Diagnostics.Process (wininit) System.Diagnostics.Process (winlogon) System.Diagnostics.Process (WinStore.App) System.Diagnostics.Process (WmiPrvSE) System.Diagnostics.Process (WmiPrvSE) System.Diagnostics.Process (WmiPrvSE) System.Diagnostics.Process (WmiPrvSE) System.Diagnostics.Process (WmiPrvSE) System.Diagnostics.Process (WmiPrvSE) System.Diagnostics.Process (WmiPrvSE) System.Diagnostics.Process (WmiPrvSE) System.Diagnostics.Process (WUDFHost) System.Diagnostics.Process (WUDFHost) System.Diagnostics.Process (YourPhone)' of type 'System.Object[]' it returns $true" time="0.0035" asserts="0" success="True" result="Success" executed="True" />
                </results>
              </test-suite>
              <test-suite type="ParameterizedTest" name="Is-Collection.Given an object '&lt;value&gt;' of type '&lt;value.GetType()&gt;' that is not a collection it returns $false" executed="True" result="Success" success="True" time="0.0428" asserts="0" description="Given an object '&lt;value&gt;' of type '&lt;value.GetType()&gt;' that is not a collection it returns $false">
                <results>
                  <test-case description="Given an object 'a' of type 'char' that is not a collection it returns $false" name="Is-Collection.Given an object 'a' of type 'char' that is not a collection it returns $false" time="0.0022" asserts="0" success="True" result="Success" executed="True" />
                  <test-case description="Given an object 'a' of type 'string' that is not a collection it returns $false" name="Is-Collection.Given an object 'a' of type 'string' that is not a collection it returns $false" time="0.0022" asserts="0" success="True" result="Success" executed="True" />
                  <test-case description="Given an object '1' of type 'int' that is not a collection it returns $false" name="Is-Collection.Given an object '1' of type 'int' that is not a collection it returns $false" time="0.0022" asserts="0" success="True" result="Success" executed="True" />
                  <test-case description="Given an object '1' of type 'decimal' that is not a collection it returns $false" name="Is-Collection.Given an object '1' of type 'decimal' that is not a collection it returns $false" time="0.0047" asserts="0" success="True" result="Success" executed="True" />
                  <test-case description="Given an object '1.1' of type 'double' that is not a collection it returns $false" name="Is-Collection.Given an object '1.1' of type 'double' that is not a collection it returns $false" time="0.0022" asserts="0" success="True" result="Success" executed="True" />
                  <test-case description="Given an object '101' of type 'int' that is not a collection it returns $false" name="Is-Collection.Given an object '101' of type 'int' that is not a collection it returns $false" time="0.0022" asserts="0" success="True" result="Success" executed="True" />
                  <test-case description="Given an object '101' of type 'long' that is not a collection it returns $false" name="Is-Collection.Given an object '101' of type 'long' that is not a collection it returns $false" time="0.0022" asserts="0" success="True" result="Success" executed="True" />
                  <test-case description="Given an object '101' of type 'decimal' that is not a collection it returns $false" name="Is-Collection.Given an object '101' of type 'decimal' that is not a collection it returns $false" time="0.0022" asserts="0" success="True" result="Success" executed="True" />
                  <test-case description="Given an object '101.1' of type 'double' that is not a collection it returns $false" name="Is-Collection.Given an object '101.1' of type 'double' that is not a collection it returns $false" time="0.0022" asserts="0" success="True" result="Success" executed="True" />
                  <test-case description="Given an object '1048576' of type 'int' that is not a collection it returns $false" name="Is-Collection.Given an object '1048576' of type 'int' that is not a collection it returns $false" time="0.0022" asserts="0" success="True" result="Success" executed="True" />
                  <test-case description="Given an object '1048576' of type 'decimal' that is not a collection it returns $false" name="Is-Collection.Given an object '1048576' of type 'decimal' that is not a collection it returns $false" time="0.0022" asserts="0" success="True" result="Success" executed="True" />
                  <test-case description="Given an object '1153433.6' of type 'double' that is not a collection it returns $false" name="Is-Collection.Given an object '1153433.6' of type 'double' that is not a collection it returns $false" time="0.0049" asserts="0" success="True" result="Success" executed="True" />
                  <test-case description="Given an object '' of type 'scriptblock' that is not a collection it returns $false" name="Is-Collection.Given an object '' of type 'scriptblock' that is not a collection it returns $false" time="0.0022" asserts="0" success="True" result="Success" executed="True" />
                  <test-case description="Given an object 'System.Collections.Hashtable' of type 'hashtable' that is not a collection it returns $false" name="Is-Collection.Given an object 'System.Collections.Hashtable' of type 'hashtable' that is not a collection it returns $false" time="0.0022" asserts="0" success="True" result="Success" executed="True" />
                  <test-case description="Given an object 'System.Collections.Hashtable' of type 'hashtable' that is not a collection it returns $false" name="Is-Collection.Given an object 'System.Collections.Hashtable' of type 'hashtable' that is not a collection it returns $false" time="0.0022" asserts="0" success="True" result="Success" executed="True" />
                  <test-case description="Given an object 'System.Diagnostics.Process (pwsh)' of type 'System.Diagnostics.Process' that is not a collection it returns $false" name="Is-Collection.Given an object 'System.Diagnostics.Process (pwsh)' of type 'System.Diagnostics.Process' that is not a collection it returns $false" time="0.0023" asserts="0" success="True" result="Success" executed="True" />
                  <test-case description="Given an object 'System.Diagnostics.Process' of type 'System.Diagnostics.Process' that is not a collection it returns $false" name="Is-Collection.Given an object 'System.Diagnostics.Process' of type 'System.Diagnostics.Process' that is not a collection it returns $false" time="0.0022" asserts="0" success="True" result="Success" executed="True" />
                </results>
              </test-suite>
              <test-suite type="ParameterizedTest" name="Is-Collection.Given '$null' it returns $false" executed="True" result="Success" success="True" time="0.0022" asserts="0" description="Given '$null' it returns $false">
                <results>
                  <test-case description="Given '$null' it returns $false" name="Is-Collection.Given '$null' it returns $false(null)" time="0.0022" asserts="0" success="True" result="Success" executed="True" />
                </results>
              </test-suite>
            </results>
          </test-suite>
        </results>
      </test-suite>
    </results>
  </test-suite>
</test-results>